<?xml version="1.0" encoding="UTF-8"?>
<!-- Generated by org.testng.reporters.JUnitReportReporter -->
<testsuite skipped="0" hostname="WorkStation" name="scrapeGithub.ScrapeGithub" tests="2" failures="0" timestamp="19 Aug 2017 22:01:55 GMT" time="1.695" errors="0">
  <testcase name="searchGithub" time="1.648" classname="scrapeGithub.ScrapeGithub"/>
  <testcase name="getFirstCommit" time="0.047" classname="scrapeGithub.ScrapeGithub"/>
</testsuite> <!-- scrapeGithub.ScrapeGithub -->
