<?xml version="1.0" encoding="UTF-8"?>
<!-- Generated by org.testng.reporters.JUnitReportReporter -->
<testsuite skipped="0" hostname="WorkStation" name="scrapeGithub.ScrapeGithub" tests="4" failures="0" timestamp="20 Aug 2017 16:07:50 GMT" time="1.590" errors="0">
  <testcase name="searchGithub" time="1.535" classname="scrapeGithub.ScrapeGithub"/>
  <testcase name="getDates" time="0.020" classname="scrapeGithub.ScrapeGithub"/>
  <testcase name="getCommits" time="0.016" classname="scrapeGithub.ScrapeGithub"/>
  <testcase name="makeCommitGson" time="0.019" classname="scrapeGithub.ScrapeGithub"/>
</testsuite> <!-- scrapeGithub.ScrapeGithub -->
