<?xml version="1.0" encoding="UTF-8"?>
<!-- Generated by org.testng.reporters.JUnitReportReporter -->
<testsuite skipped="0" hostname="WorkStation" name="scrapeGithub.ScrapeGithub" tests="4" failures="0" timestamp="20 Aug 2017 06:04:47 GMT" time="2.496" errors="0">
  <testcase name="searchGithub" time="2.133" classname="scrapeGithub.ScrapeGithub"/>
  <testcase name="getDates" time="0.021" classname="scrapeGithub.ScrapeGithub"/>
  <testcase name="getCommits" time="0.016" classname="scrapeGithub.ScrapeGithub"/>
  <testcase name="makeCommitGson" time="0.326" classname="scrapeGithub.ScrapeGithub"/>
</testsuite> <!-- scrapeGithub.ScrapeGithub -->
