<?xml version="1.0" encoding="UTF-8"?>
<!-- Generated by org.testng.reporters.JUnitReportReporter -->
<testsuite skipped="0" hostname="WorkStation" name="scrapeGithub.ScrapeGithub" tests="2" failures="0" timestamp="19 Aug 2017 20:50:45 GMT" time="4.124" errors="0">
  <testcase name="searchGithub" time="2.109" classname="scrapeGithub.ScrapeGithub"/>
  <testcase name="getFirstCommit" time="2.015" classname="scrapeGithub.ScrapeGithub"/>
</testsuite> <!-- scrapeGithub.ScrapeGithub -->
