<?xml version="1.0" encoding="UTF-8"?>
<!-- Generated by org.testng.reporters.JUnitReportReporter -->
<testsuite skipped="0" hostname="WorkStation" name="scrapeGithub.ScrapeGithub" tests="1" failures="0" timestamp="19 Aug 2017 19:41:04 GMT" time="0.606" errors="0">
  <testcase name="searchGithub" time="0.606" classname="scrapeGithub.ScrapeGithub"/>
</testsuite> <!-- scrapeGithub.ScrapeGithub -->
